#
# A fatal error has been detected by the Java Runtime Environment:
#
#  SIGSEGV (0xb) at pc=0x000000016ce10ca4, pid=745, tid=4867
#
# JRE version: 7.0_09-b05
# Java VM: Java HotSpot(TM) 64-Bit Server VM (23.5-b02 mixed mode bsd-amd64 compressed oops)
# Problematic frame:
# C  [liblwawt.dylib+0xdca4]  JNI_OnLoad+0x96
#
# Failed to write core dump. Core dumps have been disabled. To enable core dumping, try "ulimit -c unlimited" before starting Java again
#
# If you would like to submit a bug report, please visit:
#   http://bugreport.sun.com/bugreport/crash.jsp
# The crash happened outside the Java Virtual Machine in native code.
# See problematic frame for where to report the bug.
#

---------------  T H R E A D  ---------------

Current thread (0x00007f846b00e000):  JavaThread "main" [_thread_in_native, id=4867, stack(0x0000000104433000,0x0000000104533000)]

siginfo:si_signo=SIGSEGV: si_errno=0, si_code=1 (SEGV_MAPERR), si_addr=0x0000000000000000

Registers:
RAX=0x000000016cf502f0, RBX=0x0000000000000000, RCX=0x000000016ce4c769, RDX=0x00007f846aca6990
RSP=0x00000001045324e0, RBP=0x0000000104532570, RSI=0x00000001045324c4, RDI=0x0000000000000000
R8 =0x00007f846aca6a00, R9 =0x00000000fffffff0, R10=0x000000016d048d08, R11=0x000000016d033c6a
R12=0x00007f846aca7010, R13=0x000000016ce10c0e, R14=0x0000000104037ad8, R15=0x00007f846aca6e80
RIP=0x000000016ce10ca4, EFLAGS=0x0000000000010206, ERR=0x0000000000000004
  TRAPNO=0x000000000000000e

Top of Stack: (sp=0x00000001045324e0)
0x00000001045324e0:   00007f846aca7010 0000000000000000
0x00000001045324f0:   00007fff7897a200 00007f846aca6e80
0x0000000104532500:   0000000104532540 00007fff95008135
0x0000000104532510:   000000016ce8c4c5 000120686aca71e0
0x0000000104532520:   0000990000009900 000000016ce10c0e
0x0000000104532530:   000000010455c6a1 00007f846aca6e80
0x0000000104532540:   98c719e42daa9f73 0000000104532760
0x0000000104532550:   00007f846aca7010 000000016ce10c0e
0x0000000104532560:   00007f846b00e1d8 00007f846aca6e80
0x0000000104532570:   00000001045326d0 00000001045436d1
0x0000000104532580:   00007f846ac16638 0000000104532758
0x0000000104532590:   0000000104037ad8 000000010455c6a1
0x00000001045325a0:   00007f846b00e000 00007f846ac16640
0x00000001045325b0:   0000000104532660 0000000103be8762
0x00000001045325c0:   0000000000000000 0000000149115b10
0x00000001045325d0:   0000000104532678 0000000104532678
0x00000001045325e0:   00000001045a1c63 000000010458a410
0x00000001045325f0:   0000000000000000 0000000000000055
0x0000000104532600:   0000000104532600 0000000107660198
0x0000000104532610:   0000000104532680 00000001045325c8
0x0000000104532620:   0000000104532609 0000000800000001
0x0000000104532630:   0000000000000001 0000000104532638
0x0000000104532640:   0000000107721858 0000000104532690
0x0000000104532650:   0000000107728de8 0000000000000000
0x0000000104532660:   0000000107721870 0000000000000000
0x0000000104532670:   0000000104532688 0000000000000000
0x0000000104532680:   0000000149115b10 0000000000000000
0x0000000104532690:   0000000149065170 0000000000000001
0x00000001045326a0:   98c719e42daa9f73 00000001077f3c90
0x00000001045326b0:   0000000000000000 00000001077f3c90
0x00000001045326c0:   0000000104532760 00007f846b00e000
0x00000001045326d0:   0000000104532738 0000000104596f90 

Instructions: (pc=0x000000016ce10ca4)
0x000000016ce10c84:   73 03 00 4c 89 f7 e8 29 6d 03 00 48 c7 85 78 ff
0x000000016ce10c94:   ff ff 00 00 00 00 48 8b 05 8f 27 06 00 48 8b 38
0x000000016ce10ca4:   48 8b 07 48 8d b5 78 ff ff ff ba 04 00 01 00 ff
0x000000016ce10cb4:   50 30 85 c0 75 0a 48 83 bd 78 ff ff ff 00 75 55 

Register to memory mapping:

RAX=0x000000016cf502f0: jvm+0 in /Library/Java/JavaVirtualMachines/jdk1.7.0_09.jdk/Contents/Home/jre/lib/./libawt.dylib at 0x000000016ceb5000
RBX=0x0000000000000000 is an unknown value
RCX=0x000000016ce4c769: sDefaultImageInfo+0x2d79 in /Library/Java/JavaVirtualMachines/jdk1.7.0_09.jdk/Contents/Home/jre/lib/lwawt/liblwawt.dylib at 0x000000016ce03000
RDX=0x00007f846aca6990 is an unknown value
RSP=0x00000001045324e0 is pointing into the stack for thread: 0x00007f846b00e000
RBP=0x0000000104532570 is pointing into the stack for thread: 0x00007f846b00e000
RSI=0x00000001045324c4 is pointing into the stack for thread: 0x00007f846b00e000
RDI=0x0000000000000000 is an unknown value
R8 =0x00007f846aca6a00 is an unknown value
R9 =0x00000000fffffff0 is an unknown value
R10=0x000000016d048d08: appKitEnv+0x17f8 in /Library/Java/JavaVirtualMachines/jdk1.7.0_09.jdk/Contents/Home/jre/lib/./libosxapp.dylib at 0x000000016d030000
R11=0x000000016d033c6a: OSXAPP_SetJavaVM+0 in /Library/Java/JavaVirtualMachines/jdk1.7.0_09.jdk/Contents/Home/jre/lib/./libosxapp.dylib at 0x000000016d030000
R12=0x00007f846aca7010 is an unknown value
R13=0x000000016ce10c0e: JNI_OnLoad+0 in /Library/Java/JavaVirtualMachines/jdk1.7.0_09.jdk/Contents/Home/jre/lib/lwawt/liblwawt.dylib at 0x000000016ce03000
R14=0x0000000104037ad8: main_vm+0 in /Library/Java/JavaVirtualMachines/jdk1.7.0_09.jdk/Contents/Home/jre/lib/server/libjvm.dylib at 0x000000010398b000
R15=0x00007f846aca6e80 is an unknown value


Stack: [0x0000000104433000,0x0000000104533000],  sp=0x00000001045324e0,  free space=1021k
Native frames: (J=compiled Java code, j=interpreted, Vv=VM code, C=native code)
C  [liblwawt.dylib+0xdca4]  JNI_OnLoad+0x96
C  [libjava.dylib+0x16d1]  Java_java_lang_ClassLoader_00024NativeLibrary_load+0xcf
j  java.lang.ClassLoader$NativeLibrary.load(Ljava/lang/String;)V+0
j  java.lang.ClassLoader.loadLibrary1(Ljava/lang/Class;Ljava/io/File;)Z+302
j  java.lang.ClassLoader.loadLibrary0(Ljava/lang/Class;Ljava/io/File;)Z+2
j  java.lang.ClassLoader.loadLibrary(Ljava/lang/Class;Ljava/lang/String;Z)V+217
j  java.lang.Runtime.loadLibrary0(Ljava/lang/Class;Ljava/lang/String;)V+54
j  java.lang.System.loadLibrary(Ljava/lang/String;)V+7
j  com.me.mygdxgame.Main.main([Ljava/lang/String;)V+2
v  ~StubRoutines::call_stub
V  [libjvm.dylib+0x28893f]
V  [libjvm.dylib+0x28870c]
V  [libjvm.dylib+0x2a3f1a]
V  [libjvm.dylib+0x29d286]
C  [java+0x32e2]  JavaMain+0x9b1
C  [libsystem_c.dylib+0x14742]  _pthread_start+0x147
C  [libsystem_c.dylib+0x1181]  thread_start+0xd

Java frames: (J=compiled Java code, j=interpreted, Vv=VM code)
j  java.lang.ClassLoader$NativeLibrary.load(Ljava/lang/String;)V+0
j  java.lang.ClassLoader.loadLibrary1(Ljava/lang/Class;Ljava/io/File;)Z+302
j  java.lang.ClassLoader.loadLibrary0(Ljava/lang/Class;Ljava/io/File;)Z+2
j  java.lang.ClassLoader.loadLibrary(Ljava/lang/Class;Ljava/lang/String;Z)V+217
j  java.lang.Runtime.loadLibrary0(Ljava/lang/Class;Ljava/lang/String;)V+54
j  java.lang.System.loadLibrary(Ljava/lang/String;)V+7
j  com.me.mygdxgame.Main.main([Ljava/lang/String;)V+2
v  ~StubRoutines::call_stub

---------------  P R O C E S S  ---------------

Java Threads: ( => current thread )
  0x00007f846b0a3000 JavaThread "Service Thread" daemon [_thread_blocked, id=20227, stack(0x000000016cba6000,0x000000016cca6000)]
  0x00007f846b0a2000 JavaThread "C2 CompilerThread1" daemon [_thread_blocked, id=19971, stack(0x000000016caa3000,0x000000016cba3000)]
  0x00007f846b07a000 JavaThread "C2 CompilerThread0" daemon [_thread_blocked, id=19715, stack(0x000000016c9a0000,0x000000016caa0000)]
  0x00007f846b07c000 JavaThread "Signal Dispatcher" daemon [_thread_blocked, id=19459, stack(0x000000016c89d000,0x000000016c99d000)]
  0x00007f846b069000 JavaThread "Finalizer" daemon [_thread_blocked, id=13571, stack(0x000000016c548000,0x000000016c648000)]
  0x00007f846b063000 JavaThread "Reference Handler" daemon [_thread_blocked, id=13315, stack(0x000000016c445000,0x000000016c545000)]
=>0x00007f846b00e000 JavaThread "main" [_thread_in_native, id=4867, stack(0x0000000104433000,0x0000000104533000)]

Other Threads:
  0x00007f846b060000 VMThread [stack: 0x000000016c342000,0x000000016c442000] [id=13059]
  0x00007f846b07e000 WatcherThread [stack: 0x000000016cca9000,0x000000016cda9000] [id=20483]

VM state:not at safepoint (normal execution)

VM Mutex/Monitor currently owned by a thread: None

Heap
 PSYoungGen      total 27072K, used 937K [0x0000000149060000, 0x000000014ae90000, 0x0000000167460000)
  eden space 23232K, 4% used [0x0000000149060000,0x000000014914a590,0x000000014a710000)
  from space 3840K, 0% used [0x000000014aad0000,0x000000014aad0000,0x000000014ae90000)
  to   space 3840K, 0% used [0x000000014a710000,0x000000014a710000,0x000000014aad0000)
 ParOldGen       total 61952K, used 0K [0x000000010c860000, 0x00000001104e0000, 0x0000000149060000)
  object space 61952K, 0% used [0x000000010c860000,0x000000010c860000,0x00000001104e0000)
 PSPermGen       total 21248K, used 2762K [0x0000000107660000, 0x0000000108b20000, 0x000000010c860000)
  object space 21248K, 13% used [0x0000000107660000,0x0000000107912b18,0x0000000108b20000)

Card table byte_map: [0x0000000167460000,0x0000000167760000] byte_map_base: 0x0000000166c24d00

Polling page: 0x0000000104572000

Code Cache  [0x0000000104585000, 0x00000001047f5000, 0x0000000107585000)
 total_blobs=183 nmethods=1 adapters=135 free_code_cache=48769Kb largest_free_block=49924288

Compilation events (2 events):
Event: 0.138 Thread 0x00007f846b07a000    1             java.lang.String::hashCode (55 bytes)
Event: 0.149 Thread 0x00007f846b07a000 nmethod 1 0x00000001045e5350 code [0x00000001045e54a0, 0x00000001045e5638]

GC Heap History (0 events):
No events

Deoptimization events (0 events):
No events

Internal exceptions (10 events):
Event: 0.158 Thread 0x00007f846b00e000 Threw 0x00000001490f1e48 at /HUDSON/workspace/jdk7u9-2-build-macosx-amd64-product/jdk7u9/hotspot/src/share/vm/prims/jvm.cpp:1166
Event: 0.158 Thread 0x00007f846b00e000 Threw 0x00000001490f1f70 at /HUDSON/workspace/jdk7u9-2-build-macosx-amd64-product/jdk7u9/hotspot/src/share/vm/prims/jvm.cpp:1166
Event: 0.160 Thread 0x00007f846b00e000 Threw 0x00000001490f2a08 at /HUDSON/workspace/jdk7u9-2-build-macosx-amd64-product/jdk7u9/hotspot/src/share/vm/prims/jni.cpp:716
Event: 0.160 Thread 0x00007f846b00e000 Threw 0x00000001490f2b28 at /HUDSON/workspace/jdk7u9-2-build-macosx-amd64-product/jdk7u9/hotspot/src/share/vm/prims/jvm.cpp:1166
Event: 0.160 Thread 0x00007f846b00e000 Threw 0x00000001490f2c50 at /HUDSON/workspace/jdk7u9-2-build-macosx-amd64-product/jdk7u9/hotspot/src/share/vm/prims/jvm.cpp:1166
Event: 0.163 Thread 0x00007f846b00e000 Threw 0x0000000149105170 at /HUDSON/workspace/jdk7u9-2-build-macosx-amd64-product/jdk7u9/hotspot/src/share/vm/prims/jni.cpp:716
Event: 0.163 Thread 0x00007f846b00e000 Threw 0x0000000149105290 at /HUDSON/workspace/jdk7u9-2-build-macosx-amd64-product/jdk7u9/hotspot/src/share/vm/prims/jvm.cpp:1166
Event: 0.163 Thread 0x00007f846b00e000 Threw 0x00000001491053b8 at /HUDSON/workspace/jdk7u9-2-build-macosx-amd64-product/jdk7u9/hotspot/src/share/vm/prims/jvm.cpp:1166
Event: 0.163 Thread 0x00007f846b00e000 Threw 0x0000000149105608 at /HUDSON/workspace/jdk7u9-2-build-macosx-amd64-product/jdk7u9/hotspot/src/share/vm/prims/jvm.cpp:1166
Event: 0.167 Thread 0x00007f846b00e000 Threw 0x000000014910b650 at /HUDSON/workspace/jdk7u9-2-build-macosx-amd64-product/jdk7u9/hotspot/src/share/vm/prims/jvm.cpp:1166

Events (10 events):
Event: 0.171 loading class 0x00007f846ac93710
Event: 0.171 loading class 0x00007f846ac93710 done
Event: 0.171 loading class 0x00007f846aca5130
Event: 0.171 loading class 0x00007f846aca55b0
Event: 0.171 loading class 0x00007f846aca55b0 done
Event: 0.171 loading class 0x00007f846aca5130 done
Event: 0.172 loading class 0x00007f846aca4540
Event: 0.172 loading class 0x00007f846aca4540 done
Event: 0.173 loading class 0x00007f846ac30600
Event: 0.173 loading class 0x00007f846ac30600 done


Dynamic libraries:
0x0000000008751000 	/System/Library/Frameworks/Cocoa.framework/Versions/A/Cocoa
0x0000000008751000 	/System/Library/Frameworks/Security.framework/Versions/A/Security
0x0000000008751000 	/System/Library/Frameworks/ApplicationServices.framework/Versions/A/ApplicationServices
0x0000000008751000 	/usr/lib/libz.1.dylib
0x0000000008751000 	/usr/lib/libSystem.B.dylib
0x0000000008751000 	/usr/lib/libobjc.A.dylib
0x0000000008751000 	/System/Library/Frameworks/CoreFoundation.framework/Versions/A/CoreFoundation
0x0000000008751000 	/System/Library/Frameworks/AppKit.framework/Versions/C/AppKit
0x0000000008751000 	/System/Library/Frameworks/CoreData.framework/Versions/A/CoreData
0x0000000008751000 	/System/Library/Frameworks/Foundation.framework/Versions/C/Foundation
0x0000000008751000 	/System/Library/PrivateFrameworks/RemoteViewServices.framework/Versions/A/RemoteViewServices
0x0000000008751000 	/System/Library/Frameworks/AudioToolbox.framework/Versions/A/AudioToolbox
0x0000000008751000 	/System/Library/Frameworks/AudioUnit.framework/Versions/A/AudioUnit
0x0000000008751000 	/System/Library/PrivateFrameworks/DataDetectorsCore.framework/Versions/A/DataDetectorsCore
0x0000000008751000 	/System/Library/PrivateFrameworks/DesktopServicesPriv.framework/Versions/A/DesktopServicesPriv
0x0000000008751000 	/System/Library/Frameworks/Carbon.framework/Versions/A/Frameworks/HIToolbox.framework/Versions/A/HIToolbox
0x0000000008751000 	/System/Library/Frameworks/QuartzCore.framework/Versions/A/QuartzCore
0x0000000008751000 	/System/Library/Frameworks/Carbon.framework/Versions/A/Frameworks/SpeechRecognition.framework/Versions/A/SpeechRecognition
0x0000000008751000 	/usr/lib/libauto.dylib
0x0000000008751000 	/usr/lib/libicucore.A.dylib
0x0000000008751000 	/usr/lib/libxml2.2.dylib
0x0000000008751000 	/System/Library/PrivateFrameworks/CoreUI.framework/Versions/A/CoreUI
0x0000000008751000 	/System/Library/Frameworks/CoreAudio.framework/Versions/A/CoreAudio
0x0000000008751000 	/System/Library/Frameworks/DiskArbitration.framework/Versions/A/DiskArbitration
0x0000000008751000 	/usr/lib/liblangid.dylib
0x0000000008751000 	/System/Library/PrivateFrameworks/MultitouchSupport.framework/Versions/A/MultitouchSupport
0x0000000008751000 	/System/Library/Frameworks/IOKit.framework/Versions/A/IOKit
0x0000000008751000 	/usr/lib/libDiagnosticMessagesClient.dylib
0x0000000008751000 	/System/Library/Frameworks/CoreServices.framework/Versions/A/CoreServices
0x0000000008751000 	/System/Library/PrivateFrameworks/PerformanceAnalysis.framework/Versions/A/PerformanceAnalysis
0x0000000008751000 	/System/Library/PrivateFrameworks/GenerationalStorage.framework/Versions/A/GenerationalStorage
0x0000000008751000 	/System/Library/Frameworks/OpenGL.framework/Versions/A/OpenGL
0x0000000008751000 	/System/Library/Frameworks/CoreText.framework/Versions/A/CoreText
0x0000000008751000 	/System/Library/Frameworks/ImageIO.framework/Versions/A/ImageIO
0x0000000008751000 	/System/Library/PrivateFrameworks/Backup.framework/Versions/A/Backup
0x0000000008751000 	/System/Library/Frameworks/CFNetwork.framework/Versions/A/CFNetwork
0x0000000008751000 	/System/Library/Frameworks/SystemConfiguration.framework/Versions/A/SystemConfiguration
0x0000000008751000 	/usr/lib/libCRFSuite.dylib
0x0000000008751000 	/System/Library/PrivateFrameworks/TCC.framework/Versions/A/TCC
0x0000000008751000 	/usr/lib/libc++.1.dylib
0x0000000008751000 	/usr/lib/libc++abi.dylib
0x0000000008751000 	/usr/lib/system/libcache.dylib
0x0000000008751000 	/usr/lib/system/libcommonCrypto.dylib
0x0000000008751000 	/usr/lib/system/libcompiler_rt.dylib
0x0000000008751000 	/usr/lib/system/libcopyfile.dylib
0x0000000008751000 	/usr/lib/system/libdispatch.dylib
0x0000000008751000 	/usr/lib/system/libdnsinfo.dylib
0x0000000008751000 	/usr/lib/system/libdyld.dylib
0x0000000008751000 	/usr/lib/system/libkeymgr.dylib
0x0000000008751000 	/usr/lib/system/liblaunch.dylib
0x0000000008751000 	/usr/lib/system/libmacho.dylib
0x0000000008751000 	/usr/lib/system/libquarantine.dylib
0x0000000008751000 	/usr/lib/system/libremovefile.dylib
0x0000000008751000 	/usr/lib/system/libsystem_blocks.dylib
0x0000000008751000 	/usr/lib/system/libsystem_c.dylib
0x0000000008751000 	/usr/lib/system/libsystem_dnssd.dylib
0x0000000008751000 	/usr/lib/system/libsystem_info.dylib
0x0000000008751000 	/usr/lib/system/libsystem_kernel.dylib
0x0000000008751000 	/usr/lib/system/libsystem_m.dylib
0x0000000008751000 	/usr/lib/system/libsystem_network.dylib
0x0000000008751000 	/usr/lib/system/libsystem_notify.dylib
0x0000000008751000 	/usr/lib/system/libsystem_sandbox.dylib
0x0000000008751000 	/usr/lib/system/libunc.dylib
0x0000000008751000 	/usr/lib/system/libunwind.dylib
0x0000000008751000 	/usr/lib/system/libxpc.dylib
0x0000000008751000 	/usr/lib/system/libcorecrypto.dylib
0x0000000008751000 	/usr/lib/libstdc++.6.dylib
0x0000000008751000 	/usr/lib/libbsm.0.dylib
0x0000000008751000 	/usr/lib/libsqlite3.dylib
0x0000000008751000 	/usr/lib/libxar.1.dylib
0x0000000008751000 	/usr/lib/libpam.2.dylib
0x0000000008751000 	/usr/lib/libOpenScriptingUtil.dylib
0x0000000008751000 	/usr/lib/libbz2.1.0.dylib
0x0000000008751000 	/System/Library/Frameworks/CoreServices.framework/Versions/A/Frameworks/CarbonCore.framework/Versions/A/CarbonCore
0x0000000008751000 	/System/Library/Frameworks/CoreServices.framework/Versions/A/Frameworks/Metadata.framework/Versions/A/Metadata
0x0000000008751000 	/System/Library/Frameworks/CoreServices.framework/Versions/A/Frameworks/OSServices.framework/Versions/A/OSServices
0x0000000008751000 	/System/Library/Frameworks/CoreServices.framework/Versions/A/Frameworks/SearchKit.framework/Versions/A/SearchKit
0x0000000008751000 	/System/Library/Frameworks/CoreServices.framework/Versions/A/Frameworks/AE.framework/Versions/A/AE
0x0000000008751000 	/System/Library/Frameworks/CoreServices.framework/Versions/A/Frameworks/LaunchServices.framework/Versions/A/LaunchServices
0x0000000008751000 	/System/Library/Frameworks/CoreServices.framework/Versions/A/Frameworks/DictionaryServices.framework/Versions/A/DictionaryServices
0x0000000008751000 	/System/Library/Frameworks/NetFS.framework/Versions/A/NetFS
0x0000000008751000 	/usr/lib/system/libkxld.dylib
0x0000000008751000 	/System/Library/PrivateFrameworks/NetAuth.framework/Versions/A/NetAuth
0x0000000008751000 	/System/Library/Frameworks/OpenDirectory.framework/Versions/A/Frameworks/CFOpenDirectory.framework/Versions/A/CFOpenDirectory
0x0000000008751000 	/usr/lib/libxslt.1.dylib
0x0000000008751000 	/System/Library/PrivateFrameworks/FamilyControls.framework/Versions/A/FamilyControls
0x0000000008751000 	/System/Library/Frameworks/Carbon.framework/Versions/A/Frameworks/Ink.framework/Versions/A/Ink
0x0000000008751000 	/System/Library/Frameworks/ApplicationServices.framework/Versions/A/Frameworks/CoreGraphics.framework/Versions/A/CoreGraphics
0x0000000008751000 	/System/Library/Frameworks/ApplicationServices.framework/Versions/A/Frameworks/ATS.framework/Versions/A/ATS
0x0000000008751000 	/System/Library/Frameworks/ApplicationServices.framework/Versions/A/Frameworks/ColorSync.framework/Versions/A/ColorSync
0x0000000008751000 	/System/Library/Frameworks/ApplicationServices.framework/Versions/A/Frameworks/HIServices.framework/Versions/A/HIServices
0x0000000008751000 	/System/Library/Frameworks/ApplicationServices.framework/Versions/A/Frameworks/LangAnalysis.framework/Versions/A/LangAnalysis
0x0000000008751000 	/System/Library/Frameworks/ApplicationServices.framework/Versions/A/Frameworks/PrintCore.framework/Versions/A/PrintCore
0x0000000008751000 	/System/Library/Frameworks/ApplicationServices.framework/Versions/A/Frameworks/QD.framework/Versions/A/QD
0x0000000008751000 	/System/Library/Frameworks/ApplicationServices.framework/Versions/A/Frameworks/SpeechSynthesis.framework/Versions/A/SpeechSynthesis
0x0000000008751000 	/System/Library/Frameworks/IOSurface.framework/Versions/A/IOSurface
0x0000000008751000 	/System/Library/Frameworks/Accelerate.framework/Versions/A/Accelerate
0x0000000008751000 	/System/Library/Frameworks/ApplicationServices.framework/Versions/A/Frameworks/ATS.framework/Versions/A/Resources/libFontParser.dylib
0x0000000008751000 	/System/Library/Frameworks/ApplicationServices.framework/Versions/A/Frameworks/ATS.framework/Versions/A/Resources/libFontRegistry.dylib
0x0000000008751000 	/System/Library/Frameworks/Accelerate.framework/Versions/A/Frameworks/vImage.framework/Versions/A/vImage
0x0000000008751000 	/System/Library/Frameworks/Accelerate.framework/Versions/A/Frameworks/vecLib.framework/Versions/A/vecLib
0x0000000008751000 	/System/Library/Frameworks/Accelerate.framework/Versions/A/Frameworks/vecLib.framework/Versions/A/libvDSP.dylib
0x0000000008751000 	/System/Library/Frameworks/Accelerate.framework/Versions/A/Frameworks/vecLib.framework/Versions/A/libvMisc.dylib
0x0000000008751000 	/System/Library/Frameworks/Accelerate.framework/Versions/A/Frameworks/vecLib.framework/Versions/A/libLAPACK.dylib
0x0000000008751000 	/System/Library/Frameworks/Accelerate.framework/Versions/A/Frameworks/vecLib.framework/Versions/A/libBLAS.dylib
0x0000000008751000 	/System/Library/Frameworks/ImageIO.framework/Versions/A/Resources/libJPEG.dylib
0x0000000008751000 	/System/Library/Frameworks/ImageIO.framework/Versions/A/Resources/libTIFF.dylib
0x0000000008751000 	/System/Library/Frameworks/ImageIO.framework/Versions/A/Resources/libPng.dylib
0x0000000008751000 	/System/Library/Frameworks/ImageIO.framework/Versions/A/Resources/libGIF.dylib
0x0000000008751000 	/System/Library/Frameworks/ImageIO.framework/Versions/A/Resources/libJP2.dylib
0x0000000008751000 	/System/Library/Frameworks/ImageIO.framework/Versions/A/Resources/libRadiance.dylib
0x0000000008751000 	/usr/lib/libcups.2.dylib
0x0000000008751000 	/System/Library/Frameworks/Kerberos.framework/Versions/A/Kerberos
0x0000000008751000 	/System/Library/Frameworks/GSS.framework/Versions/A/GSS
0x0000000008751000 	/usr/lib/libresolv.9.dylib
0x0000000008751000 	/usr/lib/libiconv.2.dylib
0x0000000008751000 	/System/Library/PrivateFrameworks/Heimdal.framework/Versions/A/Heimdal
0x0000000008751000 	/System/Library/PrivateFrameworks/TrustEvaluationAgent.framework/Versions/A/TrustEvaluationAgent
0x0000000008751000 	/System/Library/Frameworks/OpenDirectory.framework/Versions/A/OpenDirectory
0x0000000008751000 	/System/Library/PrivateFrameworks/CommonAuth.framework/Versions/A/CommonAuth
0x0000000008751000 	/System/Library/PrivateFrameworks/Bom.framework/Versions/A/Bom
0x0000000008751000 	/System/Library/Frameworks/CoreVideo.framework/Versions/A/CoreVideo
0x0000000008751000 	/System/Library/Frameworks/QuartzCore.framework/Versions/A/Frameworks/CoreImage.framework/Versions/A/CoreImage
0x0000000008751000 	/System/Library/Frameworks/QuartzCore.framework/Versions/A/Frameworks/ScalableUserInterface.framework/Versions/A/ScalableUserInterface
0x0000000008751000 	/System/Library/Frameworks/OpenGL.framework/Versions/A/Libraries/libGLU.dylib
0x0000000008751000 	/System/Library/Frameworks/OpenGL.framework/Versions/A/Libraries/libGFXShared.dylib
0x0000000008751000 	/System/Library/Frameworks/OpenGL.framework/Versions/A/Libraries/libGL.dylib
0x0000000008751000 	/System/Library/Frameworks/OpenGL.framework/Versions/A/Libraries/libGLImage.dylib
0x0000000008751000 	/System/Library/Frameworks/OpenGL.framework/Versions/A/Libraries/libCVMSPluginSupport.dylib
0x0000000008751000 	/System/Library/Frameworks/OpenGL.framework/Versions/A/Libraries/libCoreVMClient.dylib
0x0000000008751000 	/System/Library/PrivateFrameworks/CrashReporterSupport.framework/Versions/A/CrashReporterSupport
0x0000000008751000 	/System/Library/Frameworks/OpenCL.framework/Versions/A/OpenCL
0x0000000008751000 	/System/Library/PrivateFrameworks/FaceCoreLight.framework/Versions/A/FaceCoreLight
0x0000000008751000 	/System/Library/PrivateFrameworks/AppleFSCompression.framework/Versions/A/AppleFSCompression
0x0000000008751000 	/System/Library/PrivateFrameworks/Ubiquity.framework/Versions/A/Ubiquity
0x0000000008751000 	/System/Library/Frameworks/ServiceManagement.framework/Versions/A/ServiceManagement
0x0000000008751000 	/System/Library/PrivateFrameworks/ChunkingLibrary.framework/Versions/A/ChunkingLibrary
0x0000000008751000 	/System/Library/Frameworks/vecLib.framework/Versions/A/vecLib
0x0000000008751000 	/System/Library/Frameworks/SecurityFoundation.framework/Versions/A/SecurityFoundation
0x0000000008751000 	/System/Library/PrivateFrameworks/CommerceKit.framework/Versions/A/Frameworks/CommerceCore.framework/Versions/A/CommerceCore
0x0000000008751000 	/System/Library/PrivateFrameworks/CoreSymbolication.framework/Versions/A/CoreSymbolication
0x0000000008751000 	/System/Library/PrivateFrameworks/Symbolication.framework/Versions/A/Symbolication
0x0000000008751000 	/System/Library/PrivateFrameworks/DebugSymbols.framework/Versions/A/DebugSymbols
0x000000010398b000 	/Library/Java/JavaVirtualMachines/jdk1.7.0_09.jdk/Contents/Home/jre/lib/server/libjvm.dylib
0x0000000104535000 	/Library/Java/JavaVirtualMachines/jdk1.7.0_09.jdk/Contents/Home/jre/lib/libverify.dylib
0x0000000104542000 	/Library/Java/JavaVirtualMachines/jdk1.7.0_09.jdk/Contents/Home/jre/lib/libjava.dylib
0x000000010457c000 	/Library/Java/JavaVirtualMachines/jdk1.7.0_09.jdk/Contents/Home/jre/lib/libzip.dylib
0x000000016c64a000 	/System/Library/Frameworks/JavaVM.framework/Frameworks/JavaRuntimeSupport.framework/JavaRuntimeSupport
0x000000016c662000 	/System/Library/Frameworks/JavaVM.framework/Versions/A/Frameworks/JavaNativeFoundation.framework/Versions/A/JavaNativeFoundation
0x000000016c677000 	/System/Library/Frameworks/JavaVM.framework/Versions/A/JavaVM
0x0000000008751000 	/System/Library/Frameworks/Carbon.framework/Versions/A/Carbon
0x000000016c684000 	/System/Library/PrivateFrameworks/JavaLaunching.framework/Versions/A/JavaLaunching
0x0000000008751000 	/System/Library/Frameworks/Carbon.framework/Versions/A/Frameworks/CommonPanels.framework/Versions/A/CommonPanels
0x0000000008751000 	/System/Library/Frameworks/Carbon.framework/Versions/A/Frameworks/Help.framework/Versions/A/Help
0x0000000008751000 	/System/Library/Frameworks/Carbon.framework/Versions/A/Frameworks/ImageCapture.framework/Versions/A/ImageCapture
0x0000000008751000 	/System/Library/Frameworks/Carbon.framework/Versions/A/Frameworks/OpenScripting.framework/Versions/A/OpenScripting
0x0000000008751000 	/System/Library/Frameworks/Carbon.framework/Versions/A/Frameworks/Print.framework/Versions/A/Print
0x0000000008751000 	/System/Library/Frameworks/Carbon.framework/Versions/A/Frameworks/SecurityHI.framework/Versions/A/SecurityHI
0x000000016ce00000 	/Library/Java/JavaVirtualMachines/jdk1.7.0_09.jdk/Contents/Home/jre/lib/libjawt.dylib
0x000000016ce03000 	/Library/Java/JavaVirtualMachines/jdk1.7.0_09.jdk/Contents/Home/jre/lib/lwawt/liblwawt.dylib
0x000000016ceb5000 	/Library/Java/JavaVirtualMachines/jdk1.7.0_09.jdk/Contents/Home/jre/lib/./libawt.dylib
0x000000016cf64000 	/Library/Java/JavaVirtualMachines/jdk1.7.0_09.jdk/Contents/Home/jre/lib/./libmlib_image.dylib
0x000000016d030000 	/Library/Java/JavaVirtualMachines/jdk1.7.0_09.jdk/Contents/Home/jre/lib/./libosxapp.dylib
0x000000016d04c000 	/System/Library/Frameworks/ExceptionHandling.framework/Versions/A/ExceptionHandling

VM Arguments:
jvm_args: -Dfile.encoding=US-ASCII 
java_command: com.me.mygdxgame.Main
Launcher Type: SUN_STANDARD

Environment Variables:
PATH=/usr/bin:/bin:/usr/sbin:/sbin
SHELL=/bin/bash

Signal Handlers:
SIGSEGV: [libjvm.dylib+0x4a3a1d], sa_mask[0]=0xfffefeff, sa_flags=0x00000042
SIGBUS: [libjvm.dylib+0x4a3a1d], sa_mask[0]=0xfffefeff, sa_flags=0x00000042
SIGFPE: [libjvm.dylib+0x3b3431], sa_mask[0]=0xfffefeff, sa_flags=0x00000042
SIGPIPE: [libjvm.dylib+0x3b3431], sa_mask[0]=0xfffefeff, sa_flags=0x00000042
SIGXFSZ: [libjvm.dylib+0x3b3431], sa_mask[0]=0xfffefeff, sa_flags=0x00000042
SIGILL: [libjvm.dylib+0x3b3431], sa_mask[0]=0xfffefeff, sa_flags=0x00000042
SIGUSR1: SIG_DFL, sa_mask[0]=0x00000000, sa_flags=0x00000002
SIGUSR2: [libjvm.dylib+0x3b2fca], sa_mask[0]=0x00000004, sa_flags=0x00000042
SIGHUP: [libjvm.dylib+0x3b122b], sa_mask[0]=0xfffefeff, sa_flags=0x00000042
SIGINT: [libjvm.dylib+0x3b122b], sa_mask[0]=0xfffefeff, sa_flags=0x00000042
SIGTERM: [libjvm.dylib+0x3b122b], sa_mask[0]=0xfffefeff, sa_flags=0x00000042
SIGQUIT: [libjvm.dylib+0x3b122b], sa_mask[0]=0xfffefeff, sa_flags=0x00000042


---------------  S Y S T E M  ---------------

OS:Bsduname:Darwin 12.2.0 Darwin Kernel Version 12.2.0: Sat Aug 25 00:48:52 PDT 2012; root:xnu-2050.18.24~1/RELEASE_X86_64 x86_64
rlimit: STACK 8192k, CORE 0k, NPROC 709, NOFILE 10240, AS infinity
load average:0.59 0.59 0.89

CPU:total 2 (2 cores per cpu, 1 threads per core) family 6 model 23 stepping 10, cmov, cx8, fxsr, mmx, sse, sse2, sse3, ssse3, sse4.1, tsc

Memory: 4k page, physical 5942128k(1485532k free)

/proc/meminfo:


vm_info: Java HotSpot(TM) 64-Bit Server VM (23.5-b02) for bsd-amd64 JRE (1.7.0_09-b05), built on Sep 24 2012 21:39:08 by "java_re" with gcc 4.2.1 (Based on Apple Inc. build 5658) (LLVM build 2336.9.00)

time: Fri Sep 20 10:01:49 2013
elapsed time: 0 seconds

